<?xml version="1.0" encoding="UTF-8"?>
<testsuite name="com.mironouz.action.ShootActionTest" tests="2" skipped="0" failures="0" errors="0" timestamp="2023-06-07T11:25:23" hostname="dmitrii-legion" time="0.052">
  <properties/>
  <testcase name="testHit()" classname="com.mironouz.action.ShootActionTest" time="0.049"/>
  <testcase name="testMiss()" classname="com.mironouz.action.ShootActionTest" time="0.001"/>
  <system-out><![CDATA[]]></system-out>
  <system-err><![CDATA[Jun 07, 2023 1:25:23 PM com.mironouz.action.ShootAction act
INFO: Aircraft[location=Location[x=5, y=5, z=5], id=testAircraft] is destroyed
Jun 07, 2023 1:25:23 PM com.mironouz.action.ShootAction act
INFO: You have missed
]]></system-err>
</testsuite>
